<?xml version="1.0" encoding="UTF-8"?>
<!-- Generated by org.testng.reporters.JUnitReportReporter -->
<testsuite hostname="AJINKYA" failures="0" tests="3" name="RestAPI.PutPatchDeleteDemo" time="7.764" errors="0" timestamp="2022-09-03T22:46:32 IST" skipped="0">
  <testcase classname="RestAPI.PutPatchDeleteDemo" name="testPatch" time="1.708"/>
  <system-out/>
  <testcase classname="RestAPI.PutPatchDeleteDemo" name="testPut" time="1.844"/>
  <system-out/>
  <testcase classname="RestAPI.PutPatchDeleteDemo" name="testDelete" time="4.212"/>
  <system-out/>
</testsuite> <!-- RestAPI.PutPatchDeleteDemo -->
