<?xml version="1.0" encoding="UTF-8"?>
<!-- Generated by org.testng.reporters.JUnitReportReporter -->
<testsuite hostname="AJINKYA" failures="0" tests="1" name="RestAPI.GetandPostDemo" time="4.232" errors="0" timestamp="2022-09-03T22:26:56 IST" skipped="0">
  <testcase classname="RestAPI.GetandPostDemo" name="postTest" time="4.232"/>
  <system-out/>
</testsuite> <!-- RestAPI.GetandPostDemo -->
