<?xml version="1.0" encoding="UTF-8"?>
<!-- Generated by org.testng.reporters.JUnitReportReporter -->
<testsuite hostname="AJINKYA" failures="0" tests="1" name="RestAPI.DemoTests" time="5.645" errors="0" timestamp="2022-09-03T21:54:43 IST" skipped="0">
  <testcase classname="RestAPI.DemoTests" name="test_2" time="5.645"/>
  <system-out/>
</testsuite> <!-- RestAPI.DemoTests -->
