<?xml version="1.0" encoding="UTF-8"?>
<!-- Generated by org.testng.reporters.JUnitReportReporter -->
<testsuite hostname="AJINKYA" failures="0" tests="2" name="RestAPI.GetPostDemo" time="6.485" errors="0" timestamp="2022-09-03T22:40:59 IST" skipped="0">
  <testcase classname="RestAPI.GetPostDemo" name="testGet" time="4.832"/>
  <system-out/>
  <testcase classname="RestAPI.GetPostDemo" name="testPost" time="1.653"/>
  <system-out/>
</testsuite> <!-- RestAPI.GetPostDemo -->
